C51 COMPILER V9.54   MAIN                                                                  04/11/2026 16:05:04 PAGE 1   


C51 COMPILER V9.54, COMPILATION OF MODULE MAIN
OBJECT MODULE PLACED IN .\Objects\main.obj
COMPILER INVOKED BY: C:\Keil_v5\C51\BIN\C51.EXE main.c OPTIMIZE(8,SPEED) BROWSE DEBUG OBJECTEXTEND PRINT(.\Listings\main
                    -.lst) OBJECT(.\Objects\main.obj)

line level    source

   1          #include <REGX52.H>
   2          void Delay(unsigned int xms)            //@12.000MHz
   3          {
   4   1              unsigned char i, j;
   5   1              while(xms--)
   6   1              {       i = 2;
   7   2                      j = 239;
   8   2                      do
   9   2                      {
  10   3                              while (--j);
  11   3                      } while (--i);
  12   2              }
  13   1      }
  14          void main()
  15          {
  16   1              unsigned char LEDNum=0;
  17   1              while(1)
  18   1              {
  19   2                      if(P3_1==0)
  20   2                      {
  21   3                              Delay(20);
  22   3                              while(P3_1==0);
  23   3                              Delay(20);
  24   3              
  25   3                              LEDNum++;
  26   3                              P2=~LEDNum;
  27   3                      }
  28   2              
  29   2              }
  30   1      
  31   1      
  32   1      
  33   1      }


MODULE INFORMATION:   STATIC OVERLAYABLE
   CODE SIZE        =     50    ----
   CONSTANT SIZE    =   ----    ----
   XDATA SIZE       =   ----    ----
   PDATA SIZE       =   ----    ----
   DATA SIZE        =   ----    ----
   IDATA SIZE       =   ----    ----
   BIT SIZE         =   ----    ----
END OF MODULE INFORMATION.


C51 COMPILATION COMPLETE.  0 WARNING(S),  0 ERROR(S)
