C51 COMPILER V9.54   MAIN                                                                  04/25/2026 20:59:25 PAGE 1   


C51 COMPILER V9.54, COMPILATION OF MODULE MAIN
OBJECT MODULE PLACED IN .\Objects\main.obj
COMPILER INVOKED BY: C:\Keil_v5\C51\BIN\C51.EXE main.c OPTIMIZE(8,SPEED) BROWSE DEBUG OBJECTEXTEND PRINT(.\Listings\main
                    -.lst) OBJECT(.\Objects\main.obj)

line level    source

   1          #include <REGX52.H>
   2          #include "LCD1602.h"
   3          #include "Delay.h"
   4          int result=0;
   5          void main()
   6          {
   7   1              LCD_Init();
   8   1              /*LCD_ShowString(1,1,"TheBombHasBeenPl");
   9   1              LCD_ShowString(2,1,"anted!");
  10   1              while(1)
  11   1              {
  12   1                      Delay(1000);
  13   1                      result++;
  14   1                      LCD_ShowNum(2,9,result,2);
  15   1              }*/
  16   1              while(1)
  17   1              {
  18   2                      LCD_ShowString(1,1,"YuanShenNB");
  19   2                      LCD_ShowString(2,1,"LBWNB");
  20   2              
  21   2              }
  22   1              
  23   1      }


MODULE INFORMATION:   STATIC OVERLAYABLE
   CODE SIZE        =     31    ----
   CONSTANT SIZE    =     17    ----
   XDATA SIZE       =   ----    ----
   PDATA SIZE       =   ----    ----
   DATA SIZE        =      2    ----
   IDATA SIZE       =   ----    ----
   BIT SIZE         =   ----    ----
END OF MODULE INFORMATION.


C51 COMPILATION COMPLETE.  0 WARNING(S),  0 ERROR(S)
