C51 COMPILER V9.54   MAIN                                                                  03/10/2026 21:59:09 PAGE 1   


C51 COMPILER V9.54, COMPILATION OF MODULE MAIN
OBJECT MODULE PLACED IN .\Objects\main.obj
COMPILER INVOKED BY: C:\Keil_v5\C51\BIN\C51.EXE main.c OPTIMIZE(8,SPEED) BROWSE DEBUG OBJECTEXTEND PRINT(.\Listings\main
                    -.lst) TABS(2) OBJECT(.\Objects\main.obj)

line level    source

   1          #include <REGX52.H>
   2          
   3          void Delay500ms()   //@12.000MHz
   4          {
   5   1        unsigned char i, j, k;
   6   1        i = 4;
   7   1        j = 205;
   8   1        k = 187;
   9   1        do
  10   1        {
  11   2          do
  12   2          {
  13   3            while (--k);
  14   3          } while (--j);
  15   2        } while (--i);
  16   1      }
  17          
  18          void main()
  19          {
  20   1        unsigned char k;
  21   1        while(1)
  22   1        {
  23   2        for(k=0;k<8;k++)
  24   2        {
  25   3          P2=0xFF;
  26   3          P2=~(1<<k);
  27   3          Delay500ms();
  28   3        }
  29   2        }
  30   1      }


MODULE INFORMATION:   STATIC OVERLAYABLE
   CODE SIZE        =     41    ----
   CONSTANT SIZE    =   ----    ----
   XDATA SIZE       =   ----    ----
   PDATA SIZE       =   ----    ----
   DATA SIZE        =   ----    ----
   IDATA SIZE       =   ----    ----
   BIT SIZE         =   ----    ----
END OF MODULE INFORMATION.


C51 COMPILATION COMPLETE.  0 WARNING(S),  0 ERROR(S)
