C51 COMPILER V9.54   MAIN                                                                  04/12/2026 21:50:19 PAGE 1   


C51 COMPILER V9.54, COMPILATION OF MODULE MAIN
OBJECT MODULE PLACED IN .\Objects\main.obj
COMPILER INVOKED BY: C:\Keil_v5\C51\BIN\C51.EXE main.c OPTIMIZE(8,SPEED) BROWSE DEBUG OBJECTEXTEND PRINT(.\Listings\main
                    -.lst) OBJECT(.\Objects\main.obj)

line level    source

   1          #include <REGX52.H>
   2          unsigned char NixieNumber[]={0x3F,0x06,0x5B,0x4F,0x66,0x6D,0x7D,0x07,0x7F,0x6F};
   3          void Delay(unsigned int xms)            //@12.000MHz
   4          {
   5   1              unsigned char i, j;
   6   1              while(xms--)
   7   1              {
   8   2              i = 2;
   9   2              j = 239;
  10   2              do
  11   2              {
  12   3                      while (--j);
  13   3              } while (--i);
  14   2              }
  15   1      }
  16          
  17          void Nixie(unsigned char location,number)
  18                  {
  19   1                      switch(location)
  20   1                      {
  21   2                              case 1:P2_4=1;P2_3=1;P2_2=1;break;
  22   2                              case 2:P2_4=1;P2_3=1;P2_2=0;break;
  23   2                              case 3:P2_4=1;P2_3=0;P2_2=1;break;
  24   2                              case 4:P2_4=1;P2_3=0;P2_2=0;break;
  25   2                              case 5:P2_4=0;P2_3=1;P2_2=1;break;
  26   2                              case 6:P2_4=0;P2_3=1;P2_2=0;break;
  27   2                              case 7:P2_4=0;P2_3=0;P2_2=1;break;
  28   2                              case 8:P2_4=0;P2_3=0;P2_2=0;break;
  29   2                      }
  30   1                      P0=NixieNumber[number];
  31   1                      Delay(1);
  32   1                      P0=0x00;
  33   1              }
  34          void main()
  35          {       
  36   1              while(1)
  37   1              {
  38   2                      Nixie(1,1);
  39   2      
  40   2                      Nixie(2,2);
  41   2      
  42   2                      Nixie(3,3);
  43   2              }
  44   1      }


MODULE INFORMATION:   STATIC OVERLAYABLE
   CODE SIZE        =    159    ----
   CONSTANT SIZE    =   ----    ----
   XDATA SIZE       =   ----    ----
   PDATA SIZE       =   ----    ----
   DATA SIZE        =     10    ----
   IDATA SIZE       =   ----    ----
   BIT SIZE         =   ----    ----
C51 COMPILER V9.54   MAIN                                                                  04/12/2026 21:50:19 PAGE 2   

END OF MODULE INFORMATION.


C51 COMPILATION COMPLETE.  0 WARNING(S),  0 ERROR(S)
