C51 COMPILER V9.54   MAIN                                                                  04/26/2026 20:45:01 PAGE 1   


C51 COMPILER V9.54, COMPILATION OF MODULE MAIN
OBJECT MODULE PLACED IN .\Objects\main.obj
COMPILER INVOKED BY: C:\Keil_v5\C51\BIN\C51.EXE main.c OPTIMIZE(8,SPEED) BROWSE DEBUG OBJECTEXTEND PRINT(.\Listings\main
                    -.lst) OBJECT(.\Objects\main.obj)

line level    source

   1          #include <REGX52.H>
   2          #include "Delay.h"
   3          #include "LCD1602.h"
   4          #include "MatrixKey.h"
   5          
   6          unsigned char Keynum=0;
   7          unsigned int Password,count;
   8          void main()
   9          {
  10   1              LCD_Init();
  11   1              LCD_ShowString(1,1,"Password:");
  12   1              while(1)
  13   1              {
  14   2                      Keynum=MatrixKey();
  15   2                      if(Keynum)
  16   2                      {
  17   3                              if(Keynum<=10)
  18   3                              {
  19   4                                      if(count<4)
  20   4                                      {       
  21   5                                              Password*=10;
  22   5                                              Password+=Keynum%10;
  23   5                                              count++;
  24   5                                      }       
  25   4                                      LCD_ShowNum(2,1,Password,4);
  26   4                              }
  27   3                              if(Keynum==11)//确认键
  28   3                              {
  29   4                                      if(Password==1314)
  30   4                                      {
  31   5                                              LCD_ShowString(1,11,"True  ");
  32   5                                              count=0;
  33   5                                              Password=0;
  34   5                                              LCD_ShowNum(2,1,Password,4);
  35   5                                      }
  36   4                                      else
  37   4                                      {
  38   5                                              LCD_ShowString(1,11,"Error ");
  39   5                                              count=0;
  40   5                                              Password=0;
  41   5                                              LCD_ShowNum(2,1,Password,4);
  42   5                                      }
  43   4                              }
  44   3                              if(Keynum==12)//取消输入
  45   3                              {
  46   4                                      LCD_ShowString(1,11,"Cancel");
  47   4                                      count=0;
  48   4                                      Password=0;
  49   4                                      LCD_ShowNum(2,1,Password,4);
  50   4                              }
  51   3                      }
  52   2              }
  53   1      }

C51 COMPILER V9.54   MAIN                                                                  04/26/2026 20:45:01 PAGE 2   


MODULE INFORMATION:   STATIC OVERLAYABLE
   CODE SIZE        =    203    ----
   CONSTANT SIZE    =     31    ----
   XDATA SIZE       =   ----    ----
   PDATA SIZE       =   ----    ----
   DATA SIZE        =      5    ----
   IDATA SIZE       =   ----    ----
   BIT SIZE         =   ----    ----
END OF MODULE INFORMATION.


C51 COMPILATION COMPLETE.  0 WARNING(S),  0 ERROR(S)
